[2015-09-10 10:27:49] START
[2015-09-10 10:31:02] EDIT mess_menu_v1/models/menu.py: -97
[2015-09-10 10:38:27] UPLOAD /home/scorpio/web2py/applications/mess_menu_v1/static/iiits_logo.jpg: 67
[2015-09-10 10:38:51] DELETE mess_menu_v1/static/iiits_logo.jpg: -67
[2015-09-10 10:39:09] UPLOAD /home/scorpio/web2py/applications/mess_menu_v1/static/iiits_logo.jpg: 67
[2015-09-10 10:39:18] DELETE mess_menu_v1/static/iiits_logo.jpg: -67
[2015-09-10 10:41:44] UPLOAD /home/scorpio/web2py/applications/mess_menu_v1/static/images/iiits_logo.jpg: 67
[2015-09-10 10:42:12] UPLOAD /home/scorpio/web2py/applications/mess_menu_v1/static/images/salad.jpg: 317
[2015-09-10 10:43:50] EDIT mess_menu_v1/models/menu.py: 0
[2015-09-10 10:51:27] EDIT mess_menu_v1/models/menu.py: 0
[2015-09-10 11:06:56] EDIT mess_menu_v1/models/menu.py: 1
[2015-09-10 11:07:13] EDIT mess_menu_v1/models/menu.py: 0
[2015-09-10 11:07:39] EDIT mess_menu_v1/models/menu.py: 0
[2015-09-10 11:09:00] EDIT mess_menu_v1/models/menu.py: 0
[2015-09-10 11:09:49] EDIT mess_menu_v1/models/menu.py: 0
[2015-09-10 11:10:17] EDIT mess_menu_v1/models/menu.py: 0
[2015-09-10 11:10:38] EDIT mess_menu_v1/models/menu.py: 0
[2015-09-10 11:16:19] EDIT mess_menu_v1/models/menu.py: 0
[2015-09-10 11:23:33] EDIT mess_menu_v1/static/css/web2py.css: 1
[2015-09-10 11:23:51] EDIT mess_menu_v1/static/css/web2py.css: 0
[2015-09-10 14:40:09] EDIT mess_menu_v1/static/css/web2py-bootstrap3.css: 0
[2015-09-10 14:41:15] EDIT mess_menu_v1/static/css/web2py-bootstrap3.css: 0
[2015-09-10 14:50:36] EDIT mess_menu_v1/static/css/web2py-bootstrap3.css: 2
[2015-09-10 14:51:01] EDIT mess_menu_v1/static/css/web2py-bootstrap3.css: 0
[2015-09-10 14:51:42] EDIT mess_menu_v1/static/css/web2py-bootstrap3.css: 0
[2015-09-10 14:52:13] EDIT mess_menu_v1/static/css/web2py-bootstrap3.css: 0
[2015-09-10 14:52:31] EDIT mess_menu_v1/static/css/web2py-bootstrap3.css: 0
[2015-09-10 14:54:03] EDIT mess_menu_v1/static/css/web2py-bootstrap3.css: 0
[2015-09-10 14:54:25] EDIT mess_menu_v1/static/css/web2py-bootstrap3.css: -2
[2015-09-10 14:54:37] EDIT mess_menu_v1/static/css/web2py-bootstrap3.css: 0
[2015-09-10 14:54:54] EDIT mess_menu_v1/static/css/web2py-bootstrap3.css: 0
[2015-09-10 14:55:25] EDIT mess_menu_v1/static/css/web2py-bootstrap3.css: 0
[2015-09-10 14:55:55] EDIT mess_menu_v1/static/css/web2py-bootstrap3.css: 0
[2015-09-10 15:04:39] EDIT mess_menu_v1/static/css/web2py-bootstrap3.css: 1
[2015-09-10 15:05:53] EDIT mess_menu_v1/static/css/web2py-bootstrap3.css: 0
[2015-09-10 15:06:12] EDIT mess_menu_v1/static/css/web2py-bootstrap3.css: 0
[2015-09-10 15:06:37] EDIT mess_menu_v1/static/css/web2py-bootstrap3.css: 0
[2015-09-10 15:13:03] EDIT mess_menu_v1/views/layout.html: 0
[2015-09-10 15:17:56] EDIT mess_menu_v1/views/default/index.html: 0
[2015-09-10 15:18:55] EDIT mess_menu_v1/views/default/index.html: -20
[2015-09-10 15:19:32] EDIT mess_menu_v1/views/default/index.html: 0
[2015-09-10 15:19:53] EDIT mess_menu_v1/views/default/index.html: 0
[2015-09-10 15:22:07] EDIT mess_menu_v1/views/default/index.html: 0
[2015-09-10 15:22:55] EDIT mess_menu_v1/views/default/index.html: 0
[2015-09-10 15:23:17] EDIT mess_menu_v1/views/default/index.html: 0
[2015-09-10 15:24:22] EDIT mess_menu_v1/views/default/index.html: 0
[2015-09-10 15:24:31] EDIT mess_menu_v1/views/default/index.html: 0
[2015-09-10 15:25:34] EDIT mess_menu_v1/views/default/index.html: 0
[2015-09-10 15:27:03] EDIT mess_menu_v1/views/default/index.html: 0
[2015-09-10 15:28:20] EDIT mess_menu_v1/views/default/index.html: 0
[2015-09-10 15:28:31] EDIT mess_menu_v1/views/default/index.html: 0
[2015-09-10 15:30:09] EDIT mess_menu_v1/models/menu.py: 0
[2015-09-10 15:31:40] EDIT mess_menu_v1/models/menu.py: 2
[2015-09-10 15:31:49] EDIT mess_menu_v1/models/menu.py: 0
[2015-09-10 15:31:57] EDIT mess_menu_v1/models/menu.py: 0
[2015-09-10 15:32:03] EDIT mess_menu_v1/models/menu.py: 0
[2015-09-10 15:43:21] EDIT mess_menu_v1/controllers/default.py: 6
[2015-09-10 15:44:18] EDIT mess_menu_v1/controllers/default.py: 6
[2015-09-10 15:44:57] EDIT mess_menu_v1/controllers/default.py: 0
[2015-09-10 15:45:39] EDIT mess_menu_v1/models/menu.py: 0
[2015-09-10 15:45:54] EDIT mess_menu_v1/models/menu.py: 0
[2015-09-10 15:45:57] EDIT mess_menu_v1/controllers/default.py: 0
[2015-09-10 15:50:17] EDIT mess_menu_v1/views/layout.html: 2
[2015-09-10 16:01:11] EDIT mess_menu_v1/views/layout.html: -1
[2015-09-10 16:01:18] EDIT mess_menu_v1/views/layout.html: -1
[2015-09-10 16:02:15] EDIT mess_menu_v1/models/menu.py: 0
[2015-09-10 16:02:55] EDIT mess_menu_v1/models/menu.py: 0
[2015-09-10 16:05:14] EDIT mess_menu_v1/static/css/web2py-bootstrap3.css: 0
[2015-09-10 16:35:53] EDIT mess_menu_v1/models/menu.py: 0
[2015-09-10 16:39:59] EDIT mess_menu_v1/models/menu.py: 0
[2015-09-10 16:40:07] EDIT mess_menu_v1/models/menu.py: 0
[2015-09-10 16:40:18] EDIT mess_menu_v1/models/menu.py: 0
[2015-09-10 16:40:30] EDIT mess_menu_v1/models/menu.py: 0
[2015-09-10 16:41:54] EDIT mess_menu_v1/models/menu.py: -3
[2015-09-10 16:47:10] EDIT mess_menu_v1/models/menu.py: 3
[2015-09-10 16:47:55] EDIT mess_menu_v1/models/menu.py: 0
[2015-09-10 16:53:38] EDIT mess_menu_v1/models/menu.py: 2
[2015-09-10 16:54:50] EDIT mess_menu_v1/models/menu.py: 0
[2015-09-10 16:56:51] EDIT mess_menu_v1/models/menu.py: 0
[2015-09-10 16:57:02] EDIT mess_menu_v1/models/menu.py: 0
[2015-09-10 16:57:05] EDIT mess_menu_v1/models/menu.py: 0
[2015-09-10 16:58:32] EDIT mess_menu_v1/static/css/web2py-bootstrap3.css: 0
[2015-09-10 16:58:43] EDIT mess_menu_v1/models/menu.py: 0
[2015-09-10 16:59:07] EDIT mess_menu_v1/models/menu.py: 0
[2015-09-10 16:59:12] EDIT mess_menu_v1/models/menu.py: 0
[2015-09-10 16:59:48] EDIT mess_menu_v1/models/menu.py: 0
[2015-09-10 17:04:58] EDIT mess_menu_v1/models/menu.py: 1
[2015-09-10 17:05:44] EDIT mess_menu_v1/models/menu.py: -1
[2015-09-10 17:05:46] EDIT mess_menu_v1/models/menu.py: 0
[2015-09-10 17:13:01] EDIT mess_menu_v1/models/menu.py: 0
[2015-09-10 17:14:00] EDIT mess_menu_v1/models/menu.py: 0
[2015-09-10 17:17:01] EDIT mess_menu_v1/models/menu.py: 0
[2015-09-10 18:07:56] EDIT mess_menu_v1/models/menu.py: 0
[2015-09-10 18:09:44] CREATE default/mess_menu.html: 0
[2015-09-10 18:10:07] CREATE default/reserve_cancel.html: 0
[2015-09-10 18:10:33] CREATE default/mess_people.html: 0
[2015-09-10 18:10:52] CREATE default/mess_incharge.html: 0
[2015-09-10 18:11:11] CREATE default/mess_commitee.html: 0
[2015-09-10 18:11:32] CREATE default/mess_caterer.html: 0
[2015-09-10 18:11:57] CREATE default/general_notifications.html: 0
[2015-09-10 18:12:15] CREATE default/complaint_section.html: 0
[2015-09-10 18:12:35] CREATE default/discussion_forum.html: 0
[2015-09-10 18:14:47] EDIT mess_menu_v1/controllers/default.py: 6
[2015-09-10 18:18:00] EDIT mess_menu_v1/controllers/default.py: 2
[2015-09-10 18:23:26] EDIT mess_menu_v1/controllers/default.py: 3
[2015-09-10 19:02:50] EDIT mess_menu_v1/models/menu.py: 0
[2015-09-10 19:03:32] EDIT mess_menu_v1/models/menu.py: 0
[2015-09-10 19:03:59] EDIT mess_menu_v1/models/menu.py: 0
[2015-09-10 19:06:23] EDIT mess_menu_v1/models/db.py: 3
[2015-09-10 19:06:57] EDIT mess_menu_v1/models/db.py: 0
[2015-09-10 19:08:59] EDIT mess_menu_v1/models/db.py: 0
[2015-09-10 19:11:04] EDIT mess_menu_v1/models/db.py: -3
[2015-09-10 19:12:58] EDIT mess_menu_v1/models/db.py: 3
[2015-09-10 19:14:19] EDIT mess_menu_v1/models/db.py: 1
[2015-09-10 19:14:57] EDIT mess_menu_v1/models/db.py: 0
[2015-09-10 19:15:17] EDIT mess_menu_v1/models/db.py: 0
[2015-09-10 19:17:02] EDIT mess_menu_v1/models/db.py: -1
[2015-09-10 19:17:21] EDIT mess_menu_v1/models/db.py: 0
[2015-09-10 19:17:40] EDIT mess_menu_v1/models/db.py: 0
[2015-09-10 19:21:22] CREATE db_extra.py: 0
[2015-09-10 20:43:42] EDIT mess_menu_v1/models/db_extra.py: 3
[2015-09-10 20:44:18] EDIT mess_menu_v1/models/db_extra.py: 4
[2015-09-10 20:44:32] EDIT mess_menu_v1/models/db_extra.py: 3
[2015-09-10 20:52:56] EDIT mess_menu_v1/models/db_extra.py: 15
[2015-09-10 20:54:14] EDIT mess_menu_v1/models/db_extra.py: 0
[2015-09-10 20:59:03] EDIT mess_menu_v1/models/db_extra.py: 0
[2015-09-10 20:59:23] EDIT mess_menu_v1/models/db_extra.py: 0
[2015-09-10 21:10:28] EDIT mess_menu_v1/models/db_extra.py: 8
[2015-09-10 21:11:59] EDIT mess_menu_v1/models/db_extra.py: 8
[2015-09-10 21:34:02] EDIT mess_menu_v1/models/db_extra.py: 7
[2015-09-10 21:35:17] EDIT mess_menu_v1/models/db_extra.py: 1
[2015-09-10 21:35:58] EDIT mess_menu_v1/models/db_extra.py: 0
[2015-09-10 22:02:02] EDIT mess_menu_v1/models/db_extra.py: 10
[2015-09-10 23:41:39] EDIT mess_menu_v1/models/db_extra.py: -3
[2015-09-10 23:43:02] EDIT mess_menu_v1/models/db_extra.py: 0
[2015-09-10 23:44:02] EDIT mess_menu_v1/models/db_extra.py: 0
[2015-09-10 23:46:33] EDIT mess_menu_v1/models/db_extra.py: -5
[2015-09-10 23:47:16] EDIT mess_menu_v1/models/db_extra.py: 0
[2015-09-10 23:47:24] EDIT mess_menu_v1/models/db_extra.py: 0
[2015-09-10 23:47:46] EDIT mess_menu_v1/models/db_extra.py: 0
[2015-09-10 23:47:56] EDIT mess_menu_v1/models/db_extra.py: -1
[2015-09-12 19:24:40] EDIT mess_menu_v1/models/db.py: 6
[2015-09-12 19:27:35] EDIT mess_menu_v1/models/db.py: 2
[2015-09-12 19:27:48] EDIT mess_menu_v1/models/db.py: 0
[2015-09-12 19:28:12] EDIT mess_menu_v1/models/db.py: 0
[2015-09-12 21:02:07] EDIT mess_menu_v1/models/db_extra.py: 0
[2015-09-12 22:24:26] EDIT mess_menu_v1/models/db_extra.py: 1
[2015-09-12 22:24:38] EDIT mess_menu_v1/models/db_extra.py: 0
[2015-09-12 22:24:55] EDIT mess_menu_v1/models/db_extra.py: 0
[2015-09-13 14:27:55] EDIT mess_menu_v1/models/db_extra.py: 1
[2015-09-13 14:30:39] EDIT mess_menu_v1/models/db_extra.py: -1
[2015-09-13 14:31:14] EDIT mess_menu_v1/models/db_extra.py: 0
[2015-09-13 14:31:34] EDIT mess_menu_v1/models/db_extra.py: 0
[2015-09-13 14:39:06] EDIT mess_menu_v1/models/db_extra.py: 0
[2015-09-13 14:40:35] EDIT mess_menu_v1/models/db_extra.py: -1
[2015-09-13 14:53:51] EDIT mess_menu_v1/models/db_extra.py: -1
[2015-09-13 14:54:29] EDIT mess_menu_v1/models/db_extra.py: 1
[2015-09-13 14:55:24] EDIT mess_menu_v1/models/db_extra.py: 5
[2015-09-13 15:00:20] EDIT mess_menu_v1/models/db.py: 1
[2015-09-13 15:11:26] EDIT mess_menu_v1/models/db_extra.py: 6
[2015-09-13 15:15:12] EDIT mess_menu_v1/models/db.py: 0
[2015-09-13 15:15:25] EDIT mess_menu_v1/models/db.py: 0
[2015-09-13 15:15:40] EDIT mess_menu_v1/models/db.py: 0
[2015-09-13 15:16:48] EDIT mess_menu_v1/models/db.py: 0
[2015-09-13 15:20:10] EDIT mess_menu_v1/models/db_extra.py: 2
[2015-09-13 15:20:52] EDIT mess_menu_v1/models/db_extra.py: 0
[2015-09-13 15:47:24] EDIT mess_menu_v1/models/db_extra.py: 2
[2015-09-13 16:15:19] EDIT mess_menu_v1/models/db_extra.py: 7
[2015-09-13 16:15:31] EDIT mess_menu_v1/models/db_extra.py: 0
[2015-09-13 16:16:32] EDIT mess_menu_v1/models/db_extra.py: 0
[2015-09-13 16:17:09] EDIT mess_menu_v1/models/db_extra.py: 0
[2015-09-13 16:18:24] EDIT mess_menu_v1/controllers/default.py: 1
[2015-09-13 16:45:25] EDIT mess_menu_v1/controllers/default.py: 3
[2015-09-13 16:46:52] EDIT mess_menu_v1/controllers/default.py: -3
[2015-09-13 17:00:36] EDIT mess_menu_v1/models/db.py: 0
[2015-09-13 18:35:45] EDIT mess_menu_v1/models/db_extra.py: 5
[2015-09-13 18:37:52] EDIT mess_menu_v1/models/db_extra.py: 0
[2015-09-13 18:39:17] EDIT mess_menu_v1/models/db_extra.py: 0
[2015-09-13 18:41:28] EDIT mess_menu_v1/models/db_extra.py: 1
[2015-09-13 18:43:37] EDIT mess_menu_v1/models/db_extra.py: 0
[2015-09-13 18:46:25] EDIT mess_menu_v1/models/db_extra.py: -6
[2015-09-13 18:47:21] EDIT mess_menu_v1/models/db.py: 1
[2015-09-13 19:06:35] EDIT mess_menu_v1/views/layout.html: 3
[2015-09-13 19:33:40] EDIT mess_menu_v1/models/menu.py: 15
[2015-09-13 19:35:16] EDIT mess_menu_v1/models/menu.py: 1
[2015-09-14 18:56:57] EDIT mess_menu_v1/controllers/default.py: 0
[2015-09-14 18:57:34] EDIT mess_menu_v1/views/default/index.html: 1
[2015-09-14 19:00:23] EDIT mess_menu_v1/views/default/index.html: -1
[2015-09-14 19:00:27] EDIT mess_menu_v1/controllers/default.py: 0
[2015-09-14 19:06:38] EDIT mess_menu_v1/models/menu.py: 0
[2015-09-14 19:27:39] EDIT mess_menu_v1/models/db_extra.py: 10
[2015-09-14 19:29:38] EDIT mess_menu_v1/models/db_extra.py: -3
[2015-09-14 19:30:17] EDIT mess_menu_v1/models/db_extra.py: 0
[2015-09-14 21:26:53] EDIT mess_menu_v1/models/db_extra.py: 0
[2015-09-14 21:28:02] EDIT mess_menu_v1/models/db_extra.py: 0
[2015-09-14 21:28:37] EDIT mess_menu_v1/models/db_extra.py: 0
[2015-09-14 21:29:11] EDIT mess_menu_v1/models/db_extra.py: 0
[2015-09-14 21:30:48] EDIT mess_menu_v1/models/db_extra.py: 0
[2015-09-14 21:49:29] EDIT mess_menu_v1/controllers/default.py: 11
[2015-09-14 22:24:52] EDIT mess_menu_v1/controllers/default.py: 6
[2015-09-14 22:25:04] EDIT mess_menu_v1/controllers/default.py: 0
[2015-09-14 23:58:42] EDIT mess_menu_v1/controllers/default.py: 6
[2015-09-14 23:58:58] EDIT mess_menu_v1/controllers/default.py: 0
[2015-09-15 00:00:00] EDIT mess_menu_v1/controllers/default.py: 0
[2015-09-15 00:18:17] EDIT mess_menu_v1/controllers/default.py: 0
[2015-09-15 00:18:20] EDIT mess_menu_v1/controllers/default.py: 0
[2015-09-15 00:19:04] EDIT mess_menu_v1/controllers/default.py: 0
[2015-09-15 01:15:32] EDIT mess_menu_v1/controllers/default.py: 4
[2015-09-15 01:17:20] EDIT mess_menu_v1/controllers/default.py: 0
[2015-09-15 01:19:25] EDIT mess_menu_v1/controllers/default.py: 2
[2015-09-15 01:21:32] EDIT mess_menu_v1/controllers/default.py: 1
[2015-09-15 17:42:44] EDIT mess_menu_v1/controllers/default.py: 0
[2015-09-15 17:49:58] EDIT mess_menu_v1/controllers/default.py: -3
[2015-09-15 17:57:57] EDIT mess_menu_v1/controllers/default.py: 0
[2015-09-15 18:05:37] EDIT mess_menu_v1/controllers/default.py: 0
[2015-09-15 18:08:38] EDIT mess_menu_v1/controllers/default.py: -2
[2015-09-15 18:11:38] EDIT mess_menu_v1/controllers/default.py: 2
[2015-09-15 18:12:28] EDIT mess_menu_v1/controllers/default.py: 0
[2015-09-15 18:48:26] EDIT mess_menu_v1/views/default/index.html: 0
[2015-09-15 18:48:42] EDIT mess_menu_v1/views/default/index.html: 0
[2015-09-15 18:49:01] EDIT mess_menu_v1/views/default/index.html: 0
[2015-09-15 18:49:13] EDIT mess_menu_v1/views/default/index.html: 0
[2015-09-15 18:50:18] EDIT mess_menu_v1/views/default/index.html: 2
[2015-09-15 18:53:45] EDIT mess_menu_v1/models/db.py: 6
[2015-09-15 18:54:43] EDIT mess_menu_v1/models/db_extra.py: -8
[2015-09-15 18:55:42] EDIT mess_menu_v1/models/db_extra.py: 0
[2015-09-15 18:59:33] EDIT mess_menu_v1/models/db_extra.py: 1
[2015-09-15 19:03:31] EDIT mess_menu_v1/models/menu.py: 2
[2015-09-15 19:04:01] EDIT mess_menu_v1/controllers/default.py: 0
[2015-09-15 19:18:57] EDIT mess_menu_v1/models/db.py: 1
[2015-09-15 19:23:06] EDIT mess_menu_v1/models/db_extra.py: 3
[2015-09-15 19:24:20] EDIT mess_menu_v1/models/db_extra.py: 2
[2015-09-15 19:37:30] EDIT mess_menu_v1/controllers/default.py: 0
[2015-09-15 21:13:19] EDIT mess_menu_v1/models/db_extra.py: 8
[2015-09-15 22:29:25] EDIT mess_menu_v1/models/db_extra.py: 5
[2015-09-15 22:30:20] EDIT mess_menu_v1/models/db_extra.py: 0
[2015-09-16 17:46:28] EDIT mess_menu_v1/models/db_extra.py: 0
[2015-09-16 17:50:54] EDIT mess_menu_v1/models/db_extra.py: -1
[2015-09-16 17:51:43] EDIT mess_menu_v1/models/db_extra.py: 0
[2015-09-16 18:17:27] EDIT mess_menu_v1/models/db_extra.py: 2
[2015-09-16 18:17:37] EDIT mess_menu_v1/models/db_extra.py: 0
[2015-09-16 18:21:57] EDIT mess_menu_v1/models/db_extra.py: 0
[2015-09-16 18:29:10] EDIT mess_menu_v1/models/db_extra.py: 0
[2015-09-16 18:30:15] EDIT mess_menu_v1/models/db_extra.py: 0
[2015-09-16 18:31:09] EDIT mess_menu_v1/models/db_extra.py: -3
[2015-09-17 10:05:32] EDIT mess_menu_v1/models/db.py: 0
[2015-09-17 11:12:28] EDIT mess_menu_v1/controllers/default.py: -1
[2015-09-17 13:21:32] EDIT mess_menu_v1/models/db.py: -2
[2015-09-17 13:27:19] EDIT mess_menu_v1/models/db.py: -5
[2015-09-17 13:27:30] EDIT mess_menu_v1/models/db.py: -1
[2015-09-17 21:24:58] EDIT mess_menu_v1/models/db_extra.py: -1
[2015-09-17 21:34:07] EDIT mess_menu_v1/models/db.py: 10
[2015-09-17 21:35:16] EDIT mess_menu_v1/models/db.py: 0
[2015-09-17 21:36:06] EDIT mess_menu_v1/models/db.py: 0
[2015-09-17 21:39:41] EDIT mess_menu_v1/models/db.py: -1
[2015-09-17 21:40:35] EDIT mess_menu_v1/models/db.py: 0
[2015-09-17 21:44:02] EDIT mess_menu_v1/models/db_extra.py: 4
[2015-09-17 21:48:17] EDIT mess_menu_v1/models/db.py: 0
[2015-09-17 21:48:51] EDIT mess_menu_v1/models/db_extra.py: 0
[2015-09-17 21:49:02] EDIT mess_menu_v1/models/db.py: 0
[2015-09-17 21:49:19] EDIT mess_menu_v1/models/db.py: 0
[2015-09-17 21:50:18] EDIT mess_menu_v1/models/db_extra.py: -2
[2015-09-17 21:55:55] EDIT mess_menu_v1/controllers/default.py: 1
[2015-09-17 21:59:53] EDIT mess_menu_v1/controllers/default.py: 2
[2015-09-17 22:01:34] EDIT mess_menu_v1/models/db_extra.py: 0
[2015-09-17 22:25:59] EDIT mess_menu_v1/models/db_extra.py: -1
[2015-09-17 22:27:27] EDIT mess_menu_v1/controllers/default.py: 0
[2015-09-17 22:28:24] EDIT mess_menu_v1/models/db_extra.py: -4
[2015-09-17 22:31:09] EDIT mess_menu_v1/models/db_extra.py: 4
[2015-09-18 00:34:31] EDIT mess_menu_v1/models/db_extra.py: 0
[2015-09-18 00:35:26] EDIT mess_menu_v1/models/db_extra.py: 0
[2015-09-18 00:36:57] EDIT mess_menu_v1/models/db_extra.py: 0
[2015-09-18 00:37:49] EDIT mess_menu_v1/models/db_extra.py: 1
[2015-09-18 00:44:25] EDIT mess_menu_v1/controllers/default.py: 1
[2015-09-18 00:46:23] EDIT mess_menu_v1/controllers/default.py: 1
[2015-09-18 00:53:20] EDIT mess_menu_v1/controllers/default.py: 1
[2015-09-18 00:55:07] EDIT mess_menu_v1/views/default/complaint_section.html: -1
[2015-09-18 00:55:21] EDIT mess_menu_v1/views/default/discussion_forum.html: -1
[2015-09-18 00:55:41] EDIT mess_menu_v1/views/default/general_notifications.html: -1
[2015-09-18 00:56:34] DELETE mess_menu_v1/views/default/reserve_cancel.html: -3
[2015-09-18 00:57:17] CREATE default/reserve_meal.html: 0
[2015-09-18 00:57:40] CREATE default/cancel_meal.html: 0
[2015-09-18 00:58:01] EDIT mess_menu_v1/models/menu.py: 0
[2015-09-18 00:58:52] EDIT mess_menu_v1/views/default/cancel_meal.html: -1
[2015-09-18 00:58:58] EDIT mess_menu_v1/views/default/reserve_meal.html: -1
[2015-09-18 01:00:34] EDIT mess_menu_v1/views/layout.html: 0
[2015-09-18 01:06:55] EDIT mess_menu_v1/models/menu.py: 16
[2015-09-24 14:44:32] EDIT mess_menu_v1/models/db_extra.py: 2
[2015-09-24 15:07:29] EDIT mess_menu_v1/models/db_extra.py: 0
[2015-09-24 15:13:59] EDIT mess_menu_v1/models/db_extra.py: 1
[2015-09-24 15:38:32] EDIT mess_menu_v1/controllers/default.py: 23
[2015-09-24 15:53:48] EDIT mess_menu_v1/controllers/default.py: 19
[2015-09-24 15:57:20] EDIT mess_menu_v1/controllers/default.py: 0
[2015-09-26 09:28:18] EDIT mess_menu_v1/models/db.py: -1
[2015-09-26 09:52:28] EDIT mess_menu_v1/controllers/default.py: 6
[2015-09-26 10:13:13] EDIT mess_menu_v1/controllers/default.py: 2
[2015-09-26 10:13:39] EDIT mess_menu_v1/controllers/default.py: 0
[2015-09-26 10:28:33] EDIT mess_menu_v1/controllers/default.py: 0
[2015-09-26 10:54:08] EDIT mess_menu_v1/controllers/default.py: 2
[2015-09-26 10:54:28] EDIT mess_menu_v1/controllers/default.py: 0
[2015-09-26 10:58:09] EDIT mess_menu_v1/controllers/default.py: 0
[2015-09-26 11:03:26] EDIT mess_menu_v1/models/db_extra.py: 0
[2015-09-26 11:04:02] EDIT mess_menu_v1/models/db_extra.py: 0
[2015-09-26 11:08:51] EDIT mess_menu_v1/controllers/default.py: 0
[2015-09-26 11:15:08] EDIT mess_menu_v1/controllers/default.py: 46
[2015-09-26 11:34:06] EDIT mess_menu_v1/views/default/mess_menu.html: -1
[2015-09-26 11:34:18] EDIT mess_menu_v1/controllers/default.py: 0
[2015-09-26 11:36:24] EDIT mess_menu_v1/views/default/mess_menu.html: 3
[2015-09-26 11:36:38] EDIT mess_menu_v1/views/default/mess_menu.html: 0
[2015-09-26 11:37:02] EDIT mess_menu_v1/views/default/mess_menu.html: 0
[2015-09-26 11:37:11] EDIT mess_menu_v1/views/default/mess_menu.html: 0
[2015-09-26 11:37:47] EDIT mess_menu_v1/views/default/mess_menu.html: 1
[2015-09-26 11:38:41] EDIT mess_menu_v1/views/default/mess_menu.html: 4
[2015-09-26 11:39:04] EDIT mess_menu_v1/views/default/mess_menu.html: 1
[2015-09-26 11:39:33] EDIT mess_menu_v1/views/default/mess_menu.html: 0
[2015-09-26 11:41:09] EDIT mess_menu_v1/controllers/default.py: 0
[2015-09-26 11:42:21] EDIT mess_menu_v1/views/default/mess_menu.html: 4
[2015-09-26 11:42:36] EDIT mess_menu_v1/views/default/mess_menu.html: 1
[2015-09-26 11:43:39] EDIT mess_menu_v1/views/default/mess_menu.html: 0
[2015-09-26 11:44:24] EDIT mess_menu_v1/views/default/mess_menu.html: 2
[2015-09-26 11:47:42] EDIT mess_menu_v1/controllers/default.py: 1
[2015-09-26 11:48:31] EDIT mess_menu_v1/controllers/default.py: 0
[2015-09-26 11:49:28] EDIT mess_menu_v1/views/default/mess_menu.html: 6
[2015-09-26 11:49:44] EDIT mess_menu_v1/views/default/mess_menu.html: 1
[2015-09-26 11:50:18] EDIT mess_menu_v1/views/default/mess_menu.html: 0
[2015-09-26 11:50:38] EDIT mess_menu_v1/views/default/mess_menu.html: 0
[2015-09-26 11:50:54] EDIT mess_menu_v1/views/default/mess_menu.html: 0
[2015-09-26 11:51:13] EDIT mess_menu_v1/views/default/mess_menu.html: 0
[2015-09-26 11:52:06] EDIT mess_menu_v1/views/default/mess_menu.html: 0
[2015-09-26 11:53:29] EDIT mess_menu_v1/views/default/mess_menu.html: 0
[2015-09-26 11:58:27] EDIT mess_menu_v1/views/default/mess_menu.html: 2
[2015-09-26 12:02:38] EDIT mess_menu_v1/views/default/mess_menu.html: 0
[2015-09-26 12:02:59] EDIT mess_menu_v1/views/default/mess_menu.html: 0
[2015-09-26 12:04:22] EDIT mess_menu_v1/views/default/mess_menu.html: 2
[2015-09-26 12:05:46] EDIT mess_menu_v1/views/default/mess_menu.html: -4
[2015-09-26 12:12:30] EDIT mess_menu_v1/views/default/mess_menu.html: 2
[2015-09-26 12:16:14] EDIT mess_menu_v1/views/default/mess_menu.html: 4
[2015-09-26 12:16:20] EDIT mess_menu_v1/views/default/mess_menu.html: 0
[2015-09-26 12:18:29] EDIT mess_menu_v1/views/default/mess_menu.html: 0
[2015-09-26 12:18:50] EDIT mess_menu_v1/views/default/mess_menu.html: 0
[2015-09-26 12:22:04] EDIT mess_menu_v1/views/default/mess_menu.html: 2
[2015-09-26 12:23:18] EDIT mess_menu_v1/views/default/mess_menu.html: 2
[2015-09-26 12:25:24] EDIT mess_menu_v1/views/default/mess_menu.html: 3
[2015-09-26 12:26:33] EDIT mess_menu_v1/views/default/mess_menu.html: 3
[2015-09-26 12:27:01] EDIT mess_menu_v1/views/default/mess_menu.html: 1
[2015-09-26 12:28:57] EDIT mess_menu_v1/views/default/mess_menu.html: 1
[2015-09-26 12:29:10] EDIT mess_menu_v1/views/default/mess_menu.html: 1
[2015-09-26 12:32:17] EDIT mess_menu_v1/views/default/mess_menu.html: 2
[2015-09-26 12:32:23] EDIT mess_menu_v1/views/default/mess_menu.html: 0
[2015-09-26 12:33:58] EDIT mess_menu_v1/views/default/mess_menu.html: 0
[2015-09-26 12:35:33] EDIT mess_menu_v1/views/default/mess_menu.html: -3
[2015-09-26 12:35:53] EDIT mess_menu_v1/views/default/mess_menu.html: 1
[2015-09-26 12:37:09] EDIT mess_menu_v1/views/default/mess_menu.html: 0
[2015-09-26 12:37:26] EDIT mess_menu_v1/views/default/mess_menu.html: 0
[2015-09-26 12:49:35] EDIT mess_menu_v1/controllers/default.py: -2
[2015-09-26 12:50:32] EDIT mess_menu_v1/controllers/default.py: 1
[2015-09-26 12:51:58] EDIT mess_menu_v1/views/default/mess_menu.html: -13
[2015-09-26 12:52:15] EDIT mess_menu_v1/views/default/mess_menu.html: 0
[2015-09-26 12:53:01] EDIT mess_menu_v1/views/default/mess_menu.html: 0
[2015-09-26 12:54:03] EDIT mess_menu_v1/views/default/mess_menu.html: 4
[2015-09-26 12:55:15] EDIT mess_menu_v1/views/default/mess_menu.html: 2
[2015-09-26 12:56:29] EDIT mess_menu_v1/views/default/mess_menu.html: 0
[2015-09-26 13:01:06] EDIT mess_menu_v1/views/default/mess_menu.html: 2
[2015-09-26 14:50:45] EDIT mess_menu_v1/views/default/mess_menu.html: 4
[2015-09-26 14:51:01] EDIT mess_menu_v1/views/default/mess_menu.html: 1
[2015-09-26 14:51:22] EDIT mess_menu_v1/views/default/mess_menu.html: 0
[2015-09-26 14:52:06] EDIT mess_menu_v1/views/default/mess_menu.html: 0
[2015-09-26 14:53:15] EDIT mess_menu_v1/views/default/mess_menu.html: 1
[2015-09-26 14:57:16] EDIT mess_menu_v1/controllers/default.py: 0
[2015-09-26 14:57:47] EDIT mess_menu_v1/views/default/mess_menu.html: 0
[2015-09-26 14:58:13] EDIT mess_menu_v1/views/default/mess_menu.html: -1
[2015-09-26 15:01:33] EDIT mess_menu_v1/views/default/mess_menu.html: 0
[2015-09-26 15:02:22] EDIT mess_menu_v1/views/default/mess_menu.html: 0
[2015-09-26 15:05:47] EDIT mess_menu_v1/views/default/mess_menu.html: -2
[2015-09-26 15:10:03] EDIT mess_menu_v1/views/default/mess_menu.html: 0
[2015-09-26 15:10:29] EDIT mess_menu_v1/views/default/mess_menu.html: 0
[2015-09-26 15:11:16] EDIT mess_menu_v1/views/default/mess_menu.html: 2
[2015-09-26 15:11:47] EDIT mess_menu_v1/views/default/mess_menu.html: 0
[2015-09-26 15:12:19] EDIT mess_menu_v1/views/default/mess_menu.html: 0
[2015-09-26 15:13:12] EDIT mess_menu_v1/views/default/mess_menu.html: 0
[2015-09-26 15:13:46] EDIT mess_menu_v1/views/default/mess_menu.html: 0
[2015-09-26 15:14:04] EDIT mess_menu_v1/views/default/mess_menu.html: 0
[2015-09-26 15:14:26] EDIT mess_menu_v1/views/default/mess_menu.html: 0
[2015-09-26 15:17:17] EDIT mess_menu_v1/views/default/mess_menu.html: 18
[2015-09-26 15:18:33] EDIT mess_menu_v1/views/default/mess_menu.html: 0
[2015-09-26 15:18:57] EDIT mess_menu_v1/views/default/mess_menu.html: 0
[2015-09-26 15:19:31] EDIT mess_menu_v1/views/default/mess_menu.html: 0
[2015-09-26 15:20:08] EDIT mess_menu_v1/views/default/mess_menu.html: 0
[2015-09-26 15:21:09] EDIT mess_menu_v1/views/default/mess_menu.html: 0
[2015-09-26 15:22:02] EDIT mess_menu_v1/views/default/mess_menu.html: 0
[2015-09-26 15:23:13] EDIT mess_menu_v1/views/default/mess_menu.html: 0
[2015-09-26 15:23:34] EDIT mess_menu_v1/views/default/mess_menu.html: 0
[2015-09-26 15:24:16] EDIT mess_menu_v1/views/default/mess_menu.html: 0
[2015-09-26 15:24:37] EDIT mess_menu_v1/views/default/mess_menu.html: 0
[2015-09-26 15:33:07] EDIT mess_menu_v1/views/default/mess_menu.html: 2
[2015-09-26 15:34:03] EDIT mess_menu_v1/views/default/mess_menu.html: 0
[2015-09-26 15:34:57] EDIT mess_menu_v1/views/default/mess_menu.html: 0
[2015-09-26 15:36:10] EDIT mess_menu_v1/views/default/mess_menu.html: 2
[2015-09-26 15:36:36] EDIT mess_menu_v1/views/default/mess_menu.html: 0
[2015-09-26 15:37:07] EDIT mess_menu_v1/views/default/mess_menu.html: 0
[2015-09-26 15:37:39] EDIT mess_menu_v1/views/default/mess_menu.html: 0
[2015-09-26 15:38:39] EDIT mess_menu_v1/views/default/mess_menu.html: 0
[2015-09-26 15:39:29] EDIT mess_menu_v1/views/default/mess_menu.html: 0
[2015-09-26 15:40:23] EDIT mess_menu_v1/views/default/mess_menu.html: -4
[2015-09-26 15:41:01] EDIT mess_menu_v1/views/default/mess_menu.html: 2
[2015-10-01 21:52:25] EDIT mess_menu_v1/views/default/index.html: 1
[2015-10-01 21:53:41] EDIT mess_menu_v1/views/default/index.html: -1
[2015-10-01 21:53:57] EDIT mess_menu_v1/views/default/index.html: 1
[2015-10-01 23:48:33] EDIT mess_menu_v1/models/menu.py: -14
[2015-10-01 23:56:32] EDIT mess_menu_v1/views/layout.html: 3
[2015-10-01 23:59:59] EDIT mess_menu_v1/views/layout.html: 0
[2015-10-02 00:00:55] EDIT mess_menu_v1/views/layout.html: 0
[2015-10-02 00:02:55] EDIT mess_menu_v1/views/layout.html: -2
[2015-10-02 10:25:00] EDIT mess_menu_v1/models/menu.py: -3
[2015-10-02 10:29:14] EDIT mess_menu_v1/models/menu.py: 0
[2015-10-02 10:48:55] CREATE default/admin_change_remove.html: 0
[2015-10-02 10:49:33] EDIT mess_menu_v1/views/default/admin_change_remove.html: -1
[2015-10-02 10:49:57] EDIT mess_menu_v1/views/default/admin_change_remove.html: 0
[2015-10-02 10:51:04] EDIT mess_menu_v1/views/default/admin_change_remove.html: 2
[2015-10-02 10:51:31] EDIT mess_menu_v1/views/default/admin_change_remove.html: 0
[2015-10-02 10:53:12] EDIT mess_menu_v1/views/default/admin_change_remove.html: 1
[2015-10-02 10:53:26] EDIT mess_menu_v1/views/default/admin_change_remove.html: 0
[2015-10-02 10:53:38] EDIT mess_menu_v1/views/default/admin_change_remove.html: 0
[2015-10-02 10:53:49] EDIT mess_menu_v1/views/default/admin_change_remove.html: 0
[2015-10-02 10:53:58] EDIT mess_menu_v1/views/default/admin_change_remove.html: 0
[2015-10-02 10:54:35] EDIT mess_menu_v1/views/default/admin_change_remove.html: 2
[2015-10-02 10:55:51] EDIT mess_menu_v1/views/default/admin_change_remove.html: -2
[2015-10-02 10:56:11] EDIT mess_menu_v1/views/default/admin_change_remove.html: -1
[2015-10-02 10:57:52] EDIT mess_menu_v1/views/default/admin_change_remove.html: 1
[2015-10-02 10:58:16] EDIT mess_menu_v1/views/default/admin_change_remove.html: 0
[2015-10-02 10:58:27] EDIT mess_menu_v1/views/default/admin_change_remove.html: 0
[2015-10-02 10:58:57] EDIT mess_menu_v1/views/default/admin_change_remove.html: 0
[2015-10-02 10:59:15] EDIT mess_menu_v1/views/default/admin_change_remove.html: 0
[2015-10-02 11:00:06] EDIT mess_menu_v1/views/default/admin_change_remove.html: 0
[2015-10-02 11:00:23] EDIT mess_menu_v1/views/default/admin_change_remove.html: 0
[2015-10-02 11:01:12] EDIT mess_menu_v1/views/default/admin_change_remove.html: 0
[2015-10-02 11:01:25] EDIT mess_menu_v1/views/default/admin_change_remove.html: 0
[2015-10-02 11:10:48] EDIT mess_menu_v1/views/default/admin_change_remove.html: 0
[2015-10-02 11:13:17] EDIT mess_menu_v1/views/default/admin_change_remove.html: 0
[2015-10-02 11:13:29] EDIT mess_menu_v1/views/default/admin_change_remove.html: 0
[2015-10-02 11:13:43] EDIT mess_menu_v1/views/default/admin_change_remove.html: 0
[2015-10-02 11:14:28] EDIT mess_menu_v1/views/default/admin_change_remove.html: 2
[2015-10-02 11:15:29] EDIT mess_menu_v1/models/db.py: -1
[2015-10-02 11:28:21] EDIT mess_menu_v1/models/menu.py: 0
[2015-10-02 11:33:27] EDIT mess_menu_v1/controllers/default.py: 7
[2015-10-02 11:33:44] EDIT mess_menu_v1/controllers/default.py: 0
[2015-10-02 11:33:58] EDIT mess_menu_v1/controllers/default.py: 0
[2015-10-02 11:38:48] EDIT mess_menu_v1/controllers/default.py: 0
[2015-10-02 11:42:22] EDIT mess_menu_v1/views/default/admin_change_remove.html: 8
[2015-10-02 11:43:14] EDIT mess_menu_v1/views/default/admin_change_remove.html: 0
[2015-10-02 11:44:05] EDIT mess_menu_v1/views/default/admin_change_remove.html: 0
[2015-10-02 11:50:58] EDIT mess_menu_v1/controllers/default.py: 0
[2015-10-02 11:53:15] EDIT mess_menu_v1/controllers/default.py: 0
[2015-10-02 11:54:37] EDIT mess_menu_v1/controllers/default.py: 0
[2015-10-02 12:04:51] EDIT mess_menu_v1/controllers/default.py: 0
[2015-10-02 14:17:34] EDIT mess_menu_v1/controllers/default.py: 1
[2015-10-02 14:21:43] EDIT mess_menu_v1/models/db.py: -1
[2015-10-02 14:23:18] EDIT mess_menu_v1/models/db.py: -2
[2015-10-02 15:23:38] EDIT mess_menu_v1/models/db.py: 0
[2015-10-02 15:26:31] EDIT mess_menu_v1/controllers/default.py: 0
[2015-10-02 15:26:38] EDIT mess_menu_v1/controllers/default.py: 0
[2015-10-02 15:26:40] EDIT mess_menu_v1/controllers/default.py: 0
[2015-10-02 15:44:56] EDIT mess_menu_v1/views/default/admin_change_remove.html: 0
[2015-10-02 15:45:17] EDIT mess_menu_v1/views/default/admin_change_remove.html: 0
[2015-10-02 15:45:33] EDIT mess_menu_v1/views/default/admin_change_remove.html: 0
[2015-10-02 15:47:13] EDIT mess_menu_v1/controllers/default.py: 0
[2015-10-08 01:11:48] EDIT mess_menu_v1/views/default/user.html: 0
[2015-10-08 01:12:14] EDIT mess_menu_v1/views/default/user.html: 0
[2015-10-08 01:12:37] EDIT mess_menu_v1/views/default/user.html: 0
[2015-10-08 22:01:53] EDIT mess_menu_v1/controllers/default.py: 1
[2015-10-08 22:04:16] EDIT mess_menu_v1/controllers/default.py: 0
[2015-10-08 22:04:48] EDIT mess_menu_v1/controllers/default.py: 6
[2015-10-08 22:55:30] EDIT mess_menu_v1/controllers/default.py: 9
[2015-10-08 22:58:55] EDIT mess_menu_v1/controllers/default.py: 0
[2015-10-10 06:59:01] EDIT mess_menu_v1/controllers/default.py: 1
[2015-10-10 07:06:54] EDIT mess_menu_v1/controllers/default.py: 2
[2015-10-10 07:10:37] EDIT mess_menu_v1/controllers/default.py: 1
[2015-10-10 07:15:32] EDIT mess_menu_v1/controllers/default.py: 1
[2015-10-10 07:16:22] EDIT mess_menu_v1/controllers/default.py: 0
[2015-10-10 07:17:05] EDIT mess_menu_v1/controllers/default.py: 0
[2015-10-10 07:20:52] EDIT mess_menu_v1/controllers/default.py: 0
[2015-10-10 07:22:19] EDIT mess_menu_v1/controllers/default.py: 0
[2015-10-10 07:33:32] EDIT mess_menu_v1/controllers/default.py: -1
[2015-10-10 07:36:22] EDIT mess_menu_v1/controllers/default.py: 0
[2015-10-10 07:36:32] EDIT mess_menu_v1/controllers/default.py: 0
[2015-10-10 07:37:44] EDIT mess_menu_v1/controllers/default.py: 0
[2015-10-10 07:39:30] EDIT mess_menu_v1/controllers/default.py: 0
[2015-10-10 07:41:32] EDIT mess_menu_v1/controllers/default.py: 0
[2015-10-10 14:22:21] EDIT mess_menu_v1/views/default/index.html: -1
[2015-10-10 14:33:11] EDIT mess_menu_v1/controllers/default.py: 4
[2015-10-10 14:33:32] EDIT mess_menu_v1/controllers/default.py: 0
[2015-10-10 14:35:28] EDIT mess_menu_v1/controllers/default.py: 2
[2015-10-10 14:35:36] EDIT mess_menu_v1/controllers/default.py: 0
[2015-10-10 14:36:28] EDIT mess_menu_v1/controllers/default.py: 0
[2015-10-10 14:36:59] EDIT mess_menu_v1/views/default/admin_change_remove.html: 2
[2015-10-10 14:39:08] EDIT mess_menu_v1/controllers/default.py: 2
[2015-10-10 14:39:39] EDIT mess_menu_v1/views/default/admin_change_remove.html: 2
[2015-10-10 14:39:56] EDIT mess_menu_v1/controllers/default.py: 0
[2015-10-10 14:40:39] EDIT mess_menu_v1/controllers/default.py: 0
[2015-10-10 14:42:54] EDIT mess_menu_v1/controllers/default.py: 2
[2015-10-10 14:43:13] EDIT mess_menu_v1/controllers/default.py: 0
[2015-10-10 14:43:33] EDIT mess_menu_v1/views/default/admin_change_remove.html: 2
[2015-10-10 14:45:10] EDIT mess_menu_v1/controllers/default.py: 2
[2015-10-19 14:36:03] EDIT mess_menu_v1/models/db_extra.py: -35
[2015-10-19 14:38:05] EDIT mess_menu_v1/models/db.py: 0
[2015-10-19 14:39:52] EDIT mess_menu_v1/controllers/default.py: -10
[2015-10-19 14:41:33] EDIT mess_menu_v1/models/menu.py: 0
[2015-10-19 14:43:11] EDIT mess_menu_v1/models/menu.py: -2
[2015-10-19 14:43:18] EDIT mess_menu_v1/models/menu.py: 0
[2015-10-19 14:54:32] EDIT mess_menu_v1/models/menu.py: 0
[2015-10-19 15:34:36] UPLOAD /home/scorpio/web2py/applications/mess_menu_v1/static/fonts/FontAwesome.otf: 1402
[2015-10-19 16:22:08] UPLOAD /home/scorpio/web2py/applications/mess_menu_v1/static/fonts/fontawesome_social_webfront.eot: 65
[2015-10-19 16:22:45] UPLOAD /home/scorpio/web2py/applications/mess_menu_v1/static/fonts/fontawesome_social_webfront.svg: 371
[2015-10-19 16:23:00] UPLOAD /home/scorpio/web2py/applications/mess_menu_v1/static/fonts/fontawesome_social_webfront.ttf: 65
[2015-10-19 16:23:19] UPLOAD /home/scorpio/web2py/applications/mess_menu_v1/static/fonts/fontawesome_social_webfront.woff: 85
[2015-10-19 16:23:41] UPLOAD /home/scorpio/web2py/applications/mess_menu_v1/static/fonts/fontawesome_webfront.eot: 111
[2015-10-19 16:24:02] UPLOAD /home/scorpio/web2py/applications/mess_menu_v1/static/fonts/fontawesome_webfront.svg: 284
[2015-10-19 16:24:22] UPLOAD /home/scorpio/web2py/applications/mess_menu_v1/static/fonts/fontawesome_webfront.ttf: 488
[2015-10-19 16:24:39] UPLOAD /home/scorpio/web2py/applications/mess_menu_v1/static/fonts/fontawesome_webfront.woff: 86
[2015-10-19 16:27:23] UPLOAD /home/scorpio/web2py/applications/mess_menu_v1/static/css/mess_css.css: 621
[2015-10-19 16:27:48] UPLOAD /home/scorpio/web2py/applications/mess_menu_v1/static/css/fonts.css: 351
[2015-10-21 15:49:38] EDIT mess_menu_v1/static/css/mess_css.css: -480
[2015-10-21 15:51:04] CREATE layout1.html: 0
[2015-10-21 15:51:17] EDIT mess_menu_v1/views/layout1.html: 129
[2015-10-21 15:51:58] EDIT mess_menu_v1/views/layout1.html: 0
[2015-10-21 15:52:09] EDIT mess_menu_v1/views/layout1.html: 0
[2015-10-21 15:53:52] EDIT mess_menu_v1/views/layout1.html: 0
[2015-10-21 15:53:58] EDIT mess_menu_v1/views/default/index.html: 0
[2015-10-21 15:56:17] EDIT mess_menu_v1/views/layout1.html: -17
[2015-10-21 15:56:47] EDIT mess_menu_v1/views/layout1.html: 17
[2015-10-21 16:23:06] EDIT mess_menu_v1/views/default/index.html: 0
[2015-10-21 16:23:15] EDIT mess_menu_v1/views/default/index.html: 0
[2015-10-21 16:34:12] EDIT mess_menu_v1/static/css/mess_css.css: 0
[2015-10-21 16:34:13] EDIT mess_menu_v1/static/css/mess_css.css: 0
[2015-10-21 16:34:13] EDIT mess_menu_v1/static/css/mess_css.css: 0
[2015-10-21 16:35:53] EDIT mess_menu_v1/static/css/mess_css.css: 0
[2015-10-21 16:36:04] EDIT mess_menu_v1/static/css/mess_css.css: 0
[2015-10-21 16:36:11] EDIT mess_menu_v1/static/css/mess_css.css: 0
[2015-10-21 16:37:11] EDIT mess_menu_v1/static/css/mess_css.css: 0
[2015-10-21 16:40:06] EDIT mess_menu_v1/static/css/mess_css.css: 0
[2015-10-21 16:40:25] EDIT mess_menu_v1/static/css/mess_css.css: 0
[2015-10-21 16:41:42] EDIT mess_menu_v1/static/css/mess_css.css: 0
[2015-10-21 16:41:59] EDIT mess_menu_v1/static/css/mess_css.css: 0
[2015-10-21 16:42:23] EDIT mess_menu_v1/static/css/mess_css.css: 0
[2015-10-21 16:50:21] EDIT mess_menu_v1/static/css/mess_css.css: 0
[2015-10-21 17:21:19] EDIT mess_menu_v1/views/default/index.html: 2
[2015-10-21 17:21:48] EDIT mess_menu_v1/views/default/index.html: 0
[2015-10-21 17:22:50] EDIT mess_menu_v1/views/default/index.html: 0
[2015-10-21 17:24:22] EDIT mess_menu_v1/views/default/index.html: -1
[2015-10-21 17:28:55] EDIT mess_menu_v1/views/layout1.html: -11
[2015-10-21 17:35:47] EDIT mess_menu_v1/models/menu.py: 0
[2015-10-21 17:38:39] EDIT mess_menu_v1/static/css/mess_css.css: 0
[2015-10-21 17:38:57] EDIT mess_menu_v1/static/css/mess_css.css: 0
[2015-10-21 17:39:46] EDIT mess_menu_v1/static/css/mess_css.css: 0
[2015-10-21 17:40:03] EDIT mess_menu_v1/static/css/mess_css.css: 0
[2015-10-21 17:40:27] EDIT mess_menu_v1/static/css/mess_css.css: 0
[2015-10-21 17:40:45] EDIT mess_menu_v1/static/css/mess_css.css: 0
[2015-10-21 17:41:08] EDIT mess_menu_v1/static/css/mess_css.css: 0
[2015-10-21 17:41:24] EDIT mess_menu_v1/static/css/mess_css.css: 0
[2015-10-21 17:41:40] EDIT mess_menu_v1/static/css/mess_css.css: 0
[2015-10-21 17:42:51] EDIT mess_menu_v1/views/layout1.html: 9
[2015-10-21 17:44:26] EDIT mess_menu_v1/views/layout1.html: -2
[2015-10-21 17:44:55] EDIT mess_menu_v1/views/layout1.html: -4
[2015-10-21 17:45:11] EDIT mess_menu_v1/views/layout1.html: 4
[2015-10-21 17:46:25] EDIT mess_menu_v1/static/css/web2py-bootstrap3.css: 0
[2015-10-21 17:46:35] EDIT mess_menu_v1/static/css/web2py-bootstrap3.css: 0
[2015-10-21 17:47:12] EDIT mess_menu_v1/static/css/web2py-bootstrap3.css: 0
[2015-10-21 17:47:29] EDIT mess_menu_v1/static/css/web2py-bootstrap3.css: -1
[2015-10-21 17:49:01] EDIT mess_menu_v1/views/layout1.html: 0
[2015-10-21 18:00:38] EDIT mess_menu_v1/views/layout1.html: 2
[2015-10-21 18:01:10] EDIT mess_menu_v1/views/layout1.html: 0
[2015-10-21 18:01:56] EDIT mess_menu_v1/views/layout1.html: -10
[2015-10-21 18:12:01] EDIT mess_menu_v1/static/css/web2py-bootstrap3.css: 1
[2015-10-21 18:12:44] EDIT mess_menu_v1/static/css/web2py-bootstrap3.css: 0
[2015-10-21 18:14:24] EDIT mess_menu_v1/views/layout1.html: 9
[2015-10-21 18:17:03] EDIT mess_menu_v1/views/layout1.html: 0
[2015-10-21 18:19:47] EDIT mess_menu_v1/views/layout1.html: 26
[2015-10-21 18:20:57] EDIT mess_menu_v1/views/layout1.html: -26
[2015-10-21 18:21:44] EDIT mess_menu_v1/views/layout1.html: 0
[2015-10-21 18:21:56] EDIT mess_menu_v1/views/layout1.html: 0
[2015-10-21 18:24:27] EDIT mess_menu_v1/views/layout1.html: -25
[2015-10-21 18:24:55] EDIT mess_menu_v1/static/css/web2py-bootstrap3.css: 0
[2015-10-21 18:25:04] EDIT mess_menu_v1/static/css/web2py-bootstrap3.css: 0
[2015-10-21 18:25:35] EDIT mess_menu_v1/views/layout1.html: 0
[2015-10-21 18:25:48] EDIT mess_menu_v1/views/layout1.html: 0
[2015-10-21 18:26:22] EDIT mess_menu_v1/static/css/mess_css.css: 0
[2015-10-21 18:26:41] EDIT mess_menu_v1/views/layout1.html: 0
[2015-10-21 18:27:12] EDIT mess_menu_v1/views/layout1.html: 0
[2015-10-21 18:27:38] EDIT mess_menu_v1/static/css/mess_css.css: 0
[2015-10-21 18:27:57] EDIT mess_menu_v1/static/css/mess_css.css: -1
[2015-10-21 18:28:32] EDIT mess_menu_v1/views/layout1.html: 0
[2015-10-21 18:29:04] EDIT mess_menu_v1/static/css/mess_css.css: 1
[2015-10-21 18:29:23] EDIT mess_menu_v1/static/css/web2py-bootstrap3.css: 0
[2015-10-21 18:29:41] EDIT mess_menu_v1/views/layout1.html: -9
[2015-10-21 18:35:47] EDIT mess_menu_v1/static/css/mess_css.css: 1
[2015-10-21 18:37:53] EDIT mess_menu_v1/static/css/mess_css.css: 0
[2015-10-21 19:36:59] EDIT mess_menu_v1/static/css/mess_css.css: 0
[2015-10-22 09:58:10] EDIT mess_menu_v1/views/layout1.html: 0
[2015-10-22 09:58:48] EDIT mess_menu_v1/views/layout1.html: -3
[2015-10-22 10:00:56] EDIT mess_menu_v1/views/default/index.html: 114
[2015-10-22 10:06:48] EDIT mess_menu_v1/static/css/mess_css.css: 21
[2015-10-22 10:08:32] EDIT mess_menu_v1/views/default/index.html: 3
[2015-10-22 10:08:46] EDIT mess_menu_v1/views/default/index.html: 0
[2015-10-22 10:09:42] EDIT mess_menu_v1/views/default/index.html: -3
[2015-10-22 10:10:31] EDIT mess_menu_v1/static/css/mess_css.css: 0
[2015-10-22 10:13:10] EDIT mess_menu_v1/static/css/mess_css.css: 0
[2015-10-22 10:13:34] EDIT mess_menu_v1/views/default/index.html: 0
[2015-10-22 10:14:16] EDIT mess_menu_v1/static/css/mess_css.css: 0
[2015-10-22 10:15:36] EDIT mess_menu_v1/views/default/index.html: 3
[2015-10-22 10:16:04] EDIT mess_menu_v1/static/css/mess_css.css: 0
[2015-10-22 10:16:30] EDIT mess_menu_v1/views/default/index.html: 1
[2015-10-22 10:16:45] EDIT mess_menu_v1/views/default/index.html: 0
[2015-10-22 10:19:37] EDIT mess_menu_v1/views/default/index.html: -2
[2015-10-22 10:19:52] EDIT mess_menu_v1/views/default/index.html: 0
[2015-10-22 10:22:53] EDIT mess_menu_v1/static/css/mess_css.css: 2
[2015-10-22 10:23:38] EDIT mess_menu_v1/static/css/mess_css.css: -3
[2015-10-22 10:24:02] EDIT mess_menu_v1/static/css/mess_css.css: -7
[2015-10-22 10:25:22] EDIT mess_menu_v1/views/default/index.html: 1
[2015-10-22 10:25:52] EDIT mess_menu_v1/static/css/mess_css.css: 2
[2015-10-22 10:26:37] EDIT mess_menu_v1/static/css/mess_css.css: 1
[2015-10-22 10:27:05] EDIT mess_menu_v1/views/default/index.html: -1
[2015-10-22 10:27:34] EDIT mess_menu_v1/static/css/mess_css.css: 0
[2015-10-22 10:28:01] EDIT mess_menu_v1/static/css/mess_css.css: 0
[2015-10-22 10:28:31] EDIT mess_menu_v1/views/default/index.html: -2
[2015-10-22 10:28:59] EDIT mess_menu_v1/views/default/index.html: -1
[2015-10-22 10:29:40] EDIT mess_menu_v1/views/default/index.html: 3
[2015-10-22 10:30:15] EDIT mess_menu_v1/views/layout1.html: 0
[2015-10-22 10:30:19] EDIT mess_menu_v1/views/default/index.html: -116
[2015-10-22 10:36:00] EDIT mess_menu_v1/static/css/mess_css.css: -9
[2015-10-22 10:36:05] EDIT mess_menu_v1/static/css/mess_css.css: 0
[2015-10-22 10:36:56] EDIT mess_menu_v1/views/layout1.html: 2
[2015-10-22 10:42:23] EDIT mess_menu_v1/static/css/mess_css.css: 0
[2015-10-22 10:42:40] EDIT mess_menu_v1/static/css/mess_css.css: 0
[2015-10-22 10:43:21] EDIT mess_menu_v1/static/css/mess_css.css: 0
[2015-10-22 10:43:29] EDIT mess_menu_v1/static/css/mess_css.css: 0
[2015-10-22 10:44:30] EDIT mess_menu_v1/static/css/mess_css.css: 1
[2015-10-22 10:44:49] EDIT mess_menu_v1/static/css/mess_css.css: 0
[2015-10-22 10:44:59] EDIT mess_menu_v1/static/css/mess_css.css: 0
[2015-10-22 10:45:16] EDIT mess_menu_v1/static/css/mess_css.css: -2
[2015-10-22 10:46:05] EDIT mess_menu_v1/static/css/mess_css.css: 3
[2015-10-22 10:46:21] EDIT mess_menu_v1/static/css/mess_css.css: 0
[2015-10-22 10:46:33] EDIT mess_menu_v1/static/css/mess_css.css: 0
[2015-10-22 10:47:20] EDIT mess_menu_v1/views/layout1.html: 2
[2015-10-22 10:49:25] EDIT mess_menu_v1/views/layout1.html: 0
[2015-10-22 10:50:21] EDIT mess_menu_v1/views/layout1.html: -2
[2015-10-22 10:50:58] EDIT mess_menu_v1/views/layout1.html: 0
[2015-10-22 10:51:34] EDIT mess_menu_v1/views/layout1.html: 0
[2015-10-22 10:54:45] EDIT mess_menu_v1/views/layout1.html: 0
[2015-10-22 10:56:02] EDIT mess_menu_v1/static/css/mess_css.css: 1
[2015-10-22 10:58:43] EDIT mess_menu_v1/static/css/mess_css.css: 0
[2015-10-22 10:59:17] EDIT mess_menu_v1/static/css/mess_css.css: 0
[2015-10-22 11:00:10] EDIT mess_menu_v1/views/layout1.html: 0
[2015-10-22 11:00:34] EDIT mess_menu_v1/views/layout1.html: 0
[2015-10-22 11:19:07] EDIT mess_menu_v1/views/layout1.html: 0
[2015-10-22 11:42:41] EDIT mess_menu_v1/views/layout1.html: 6
[2015-10-22 12:29:16] EDIT mess_menu_v1/views/layout1.html: 0
[2015-10-22 12:33:29] EDIT mess_menu_v1/views/layout1.html: 0
[2015-10-22 12:34:13] EDIT mess_menu_v1/views/layout1.html: 0
[2015-10-22 12:36:55] EDIT mess_menu_v1/views/layout1.html: 0
[2015-10-22 13:10:41] EDIT mess_menu_v1/views/layout1.html: 0
[2015-10-22 13:11:23] EDIT mess_menu_v1/views/layout1.html: 0
[2015-10-22 13:14:08] EDIT mess_menu_v1/views/layout1.html: 0
[2015-10-22 13:17:57] EDIT mess_menu_v1/views/layout1.html: 0
[2015-10-22 13:19:12] EDIT mess_menu_v1/views/layout1.html: 0
[2015-10-22 13:19:33] EDIT mess_menu_v1/views/layout1.html: 0
[2015-10-22 13:20:12] EDIT mess_menu_v1/views/layout1.html: 0
[2015-10-22 14:54:37] EDIT mess_menu_v1/models/db.py: 1
[2015-10-22 14:54:59] EDIT mess_menu_v1/models/db.py: 0
[2015-10-22 14:55:01] EDIT mess_menu_v1/models/db.py: 0
[2015-10-22 14:58:46] EDIT mess_menu_v1/models/db.py: 1
[2015-10-22 14:59:56] EDIT mess_menu_v1/models/db.py: 2
[2015-10-22 15:07:07] EDIT mess_menu_v1/controllers/default.py: 2
[2015-10-22 15:08:44] EDIT mess_menu_v1/controllers/default.py: 0
[2015-10-22 15:09:05] EDIT mess_menu_v1/controllers/default.py: 0
[2015-10-22 15:09:25] EDIT mess_menu_v1/controllers/default.py: 0
[2015-10-22 15:09:42] EDIT mess_menu_v1/controllers/default.py: 0
[2015-10-22 15:10:31] EDIT mess_menu_v1/controllers/default.py: 0
[2015-10-22 15:10:43] EDIT mess_menu_v1/controllers/default.py: 0
[2015-10-22 15:16:54] EDIT mess_menu_v1/controllers/default.py: 2
[2015-10-22 15:21:37] EDIT mess_menu_v1/controllers/default.py: 0
[2015-10-22 15:30:38] EDIT mess_menu_v1/controllers/default.py: 0
[2015-10-22 19:14:25] EDIT mess_menu_v1/views/default/index.html: 1
[2015-10-22 19:20:06] EDIT mess_menu_v1/views/default/index.html: -1
[2015-10-22 19:25:06] EDIT mess_menu_v1/controllers/default.py: 4
[2015-10-22 19:26:12] EDIT mess_menu_v1/controllers/default.py: 1
[2015-10-22 19:26:47] EDIT mess_menu_v1/controllers/default.py: 0
[2015-10-22 19:28:32] EDIT mess_menu_v1/controllers/default.py: 3
[2015-10-22 19:28:41] EDIT mess_menu_v1/controllers/default.py: 1
[2015-10-22 19:53:02] EDIT mess_menu_v1/controllers/default.py: 0
[2015-10-22 21:51:58] EDIT mess_menu_v1/controllers/default.py: 2
[2015-10-22 23:50:22] EDIT mess_menu_v1/controllers/default.py: 0
[2015-10-23 00:24:31] EDIT mess_menu_v1/controllers/default.py: 0
[2015-10-23 00:25:44] EDIT mess_menu_v1/controllers/default.py: 0
[2015-10-23 00:31:40] EDIT mess_menu_v1/controllers/default.py: 0
[2015-10-23 00:35:44] EDIT mess_menu_v1/controllers/default.py: 0
[2015-10-23 00:39:34] EDIT mess_menu_v1/controllers/default.py: 0
[2015-10-23 00:42:23] EDIT mess_menu_v1/controllers/default.py: 4
[2015-10-23 00:42:30] EDIT mess_menu_v1/controllers/default.py: 0
[2015-10-23 00:54:44] CREATE default/registration_page.html: 0
[2015-10-23 00:59:26] EDIT mess_menu_v1/models/db.py: 1
[2015-10-23 01:01:31] EDIT mess_menu_v1/models/db.py: 0
[2015-10-23 01:03:18] EDIT mess_menu_v1/models/db.py: 0
[2015-10-23 01:07:37] CREATE layout2.html: 0
[2015-10-23 01:08:33] EDIT mess_menu_v1/views/layout2.html: 122
[2015-10-23 01:51:11] EDIT mess_menu_v1/controllers/default.py: 0
[2015-10-23 01:51:18] EDIT mess_menu_v1/controllers/default.py: 0
[2015-10-23 01:52:09] EDIT mess_menu_v1/controllers/default.py: 0
[2015-10-23 01:53:14] EDIT mess_menu_v1/controllers/default.py: 1
[2015-10-23 01:53:18] EDIT mess_menu_v1/controllers/default.py: 0
[2015-10-23 01:56:01] EDIT mess_menu_v1/controllers/default.py: -1
[2015-10-23 01:56:07] EDIT mess_menu_v1/controllers/default.py: 0
[2015-10-23 01:59:04] EDIT mess_menu_v1/controllers/default.py: 1
[2015-10-23 02:00:45] EDIT mess_menu_v1/controllers/default.py: 0
[2015-10-23 02:11:21] EDIT mess_menu_v1/views/layout.html: 0
[2015-10-23 02:11:58] EDIT mess_menu_v1/views/layout.html: 0
[2015-10-23 03:57:37] EDIT mess_menu_v1/controllers/default.py: 1
[2015-10-23 04:00:42] EDIT mess_menu_v1/controllers/default.py: 0
[2015-10-23 04:00:48] EDIT mess_menu_v1/controllers/default.py: 0
[2015-10-23 04:01:11] EDIT mess_menu_v1/controllers/default.py: 0
[2015-10-23 10:03:40] EDIT mess_menu_v1/views/default/mess_incharge.html: 1
[2015-10-23 10:05:48] EDIT mess_menu_v1/controllers/default.py: 1
[2015-10-23 10:10:03] EDIT mess_menu_v1/controllers/default.py: 0
[2015-10-23 10:10:50] EDIT mess_menu_v1/models/db.py: 0
[2015-10-23 10:13:21] EDIT mess_menu_v1/controllers/default.py: 0
[2015-10-23 10:15:23] EDIT mess_menu_v1/controllers/default.py: 1
[2015-10-23 10:17:58] EDIT mess_menu_v1/views/default/mess_incharge.html: -1
[2015-10-23 10:18:21] EDIT mess_menu_v1/views/default/mess_incharge.html: 0
[2015-10-23 10:19:04] EDIT mess_menu_v1/views/default/mess_incharge.html: 0
[2015-10-23 10:19:42] EDIT mess_menu_v1/views/default/mess_commitee.html: 0
[2015-10-23 10:19:46] EDIT mess_menu_v1/views/default/mess_commitee.html: 0
[2015-10-23 10:19:49] EDIT mess_menu_v1/views/default/mess_commitee.html: 0
[2015-10-23 10:20:49] EDIT mess_menu_v1/views/default/mess_caterer.html: 0
[2015-10-23 10:21:03] EDIT mess_menu_v1/views/default/mess_caterer.html: 0
[2015-10-23 10:21:11] EDIT mess_menu_v1/views/default/mess_caterer.html: 0
[2015-10-23 10:24:39] EDIT mess_menu_v1/views/default/mess_caterer.html: 0
[2015-10-23 10:26:42] EDIT mess_menu_v1/controllers/default.py: 0
[2015-10-23 10:41:31] EDIT mess_menu_v1/models/db.py: 0
[2015-10-23 10:50:16] EDIT mess_menu_v1/models/db.py: 0
[2015-10-23 10:51:37] EDIT mess_menu_v1/models/db.py: 0
[2015-10-23 10:51:57] EDIT mess_menu_v1/models/db.py: 0
[2015-10-23 10:52:28] EDIT mess_menu_v1/models/db.py: 1
[2015-10-23 10:52:57] EDIT mess_menu_v1/models/db.py: 0
[2015-10-23 10:53:07] EDIT mess_menu_v1/models/db.py: 0
[2015-10-23 10:54:06] EDIT mess_menu_v1/models/db.py: 0
[2015-10-23 10:56:16] EDIT mess_menu_v1/models/db.py: 0
[2015-10-23 10:57:46] EDIT mess_menu_v1/models/db.py: 0
[2015-10-23 11:11:26] EDIT mess_menu_v1/controllers/default.py: 0
[2015-10-23 11:13:28] EDIT mess_menu_v1/controllers/default.py: 1
[2015-10-23 11:18:33] EDIT mess_menu_v1/models/db.py: 0
[2015-10-23 14:40:06] EDIT mess_menu_v1/models/db.py: 0
[2015-10-23 14:51:37] EDIT mess_menu_v1/controllers/default.py: 0
[2015-10-23 16:33:11] EDIT mess_menu_v1/controllers/default.py: 4
[2015-10-23 16:44:13] EDIT mess_menu_v1/controllers/default.py: 1
[2015-10-23 16:44:43] CREATE default/complete_profile.html: 0
[2015-10-23 16:47:11] EDIT mess_menu_v1/views/default/complete_profile.html: -2
[2015-10-23 16:52:44] EDIT mess_menu_v1/controllers/default.py: 9
[2015-10-23 16:56:10] EDIT mess_menu_v1/controllers/default.py: 6
[2015-10-23 16:56:23] EDIT mess_menu_v1/controllers/default.py: 0
[2015-10-23 16:59:46] EDIT mess_menu_v1/controllers/default.py: 11
[2015-10-23 17:07:52] EDIT mess_menu_v1/controllers/default.py: 0
[2015-10-23 17:08:17] EDIT mess_menu_v1/controllers/default.py: 0
[2015-10-23 17:08:49] EDIT mess_menu_v1/controllers/default.py: 0
[2015-10-23 17:09:24] EDIT mess_menu_v1/controllers/default.py: 1
[2015-10-23 17:52:27] EDIT mess_menu_v1/controllers/default.py: 8
[2015-10-23 17:53:32] EDIT mess_menu_v1/controllers/default.py: 1
[2015-10-23 17:54:18] EDIT mess_menu_v1/views/default/complete_profile.html: 1
[2015-10-23 17:56:01] EDIT mess_menu_v1/views/default/user.html: 0
[2015-10-23 18:02:47] EDIT mess_menu_v1/models/db.py: 1
[2015-10-23 18:05:54] EDIT mess_menu_v1/controllers/default.py: 2
[2015-10-23 18:13:34] EDIT mess_menu_v1/models/db.py: -1
[2015-10-23 18:17:47] EDIT mess_menu_v1/views/default/user.html: 8
[2015-10-23 18:22:19] EDIT mess_menu_v1/views/default/user.html: 7
[2015-10-23 18:22:29] EDIT mess_menu_v1/views/default/user.html: 0
[2015-10-23 18:29:56] EDIT mess_menu_v1/views/default/user.html: 1
[2015-10-23 18:30:56] EDIT mess_menu_v1/views/default/user.html: 1
[2015-10-23 18:31:38] EDIT mess_menu_v1/views/default/user.html: 0
[2015-10-23 18:32:53] EDIT mess_menu_v1/views/default/user.html: 0
[2015-10-23 18:53:44] EDIT mess_menu_v1/controllers/default.py: 0
[2015-10-23 18:54:21] EDIT mess_menu_v1/views/default/user.html: 0
[2015-10-23 18:55:34] EDIT mess_menu_v1/views/default/user.html: 0
[2015-10-23 19:04:24] EDIT mess_menu_v1/controllers/default.py: 1
[2015-10-23 19:04:31] EDIT mess_menu_v1/controllers/default.py: 0
[2015-10-23 19:12:17] EDIT mess_menu_v1/controllers/default.py: 0
[2015-10-23 19:22:48] CREATE default/after_login_index.html: 0
[2015-10-23 19:49:42] CREATE default_admin.py: 0
[2015-10-23 19:51:47] EDIT mess_menu_v1/controllers/default_admin.py: 4
[2015-10-23 19:56:30] EDIT mess_menu_v1/models/menu.py: 4
[2015-10-24 09:37:54] CREATE default_admin/index.html: 0
[2015-10-24 09:38:46] CREATE layout3.html: 0
[2015-10-24 10:19:03] EDIT mess_menu_v1/controllers/default_admin.py: -1
[2015-10-24 10:19:14] EDIT mess_menu_v1/controllers/default_admin.py: 0
[2015-10-24 10:19:40] EDIT mess_menu_v1/controllers/default_admin.py: 0
[2015-10-24 10:30:20] EDIT mess_menu_v1/models/db.py: 2
[2015-10-24 10:49:52] EDIT mess_menu_v1/controllers/default_admin.py: 1
[2015-10-24 11:29:57] EDIT mess_menu_v1/controllers/default.py: 3
[2015-10-24 11:30:47] EDIT mess_menu_v1/views/default/complaint_section.html: 2
[2015-10-24 11:36:48] EDIT mess_menu_v1/controllers/default.py: 1
[2015-10-24 11:36:50] EDIT mess_menu_v1/controllers/default.py: 0
[2015-10-24 11:40:50] EDIT mess_menu_v1/controllers/default.py: 0
[2015-10-24 11:43:31] EDIT mess_menu_v1/controllers/default.py: 4
[2015-10-24 11:43:50] EDIT mess_menu_v1/controllers/default.py: 0
[2015-10-24 11:44:49] EDIT mess_menu_v1/views/default/complaint_section.html: 0
[2015-10-24 11:45:18] EDIT mess_menu_v1/controllers/default.py: 0
[2015-10-24 11:46:40] EDIT mess_menu_v1/views/default/complaint_section.html: 1
[2015-10-24 11:47:19] EDIT mess_menu_v1/views/default/complaint_section.html: 0
[2015-10-24 11:47:46] EDIT mess_menu_v1/views/default/complaint_section.html: -1
[2015-10-24 13:29:28] EDIT mess_menu_v1/controllers/default.py: 0
[2015-10-24 19:47:04] EDIT mess_menu_v1/controllers/default_admin.py: 12
[2015-10-24 19:48:13] CREATE default_admin/set_account_balance.html: 0
[2015-10-24 19:48:42] CREATE default_admin/set_meal_timings.html: 0
[2015-10-24 19:48:58] CREATE default_admin/set_advbc_timings.html: 0
[2015-10-24 19:49:17] CREATE default_admin/set_meal_rates.html: 0
[2015-10-24 19:49:40] CREATE default_admin/manage_people.html: 0
[2015-10-24 19:49:55] EDIT mess_menu_v1/views/default_admin/set_account_balance.html: -2
[2015-10-24 19:50:03] EDIT mess_menu_v1/views/default_admin/set_meal_timings.html: -2
[2015-10-24 19:50:12] EDIT mess_menu_v1/views/default_admin/set_advbc_timings.html: -2
[2015-10-24 19:50:21] EDIT mess_menu_v1/views/default_admin/set_meal_rates.html: -2
[2015-10-24 19:50:30] EDIT mess_menu_v1/views/default_admin/manage_people.html: -2
[2015-10-24 19:54:33] EDIT mess_menu_v1/controllers/default_admin.py: 0
[2015-10-24 19:55:54] CREATE default_admin/set_mess_places.html: 0
[2015-10-24 19:56:05] EDIT mess_menu_v1/views/default_admin/set_mess_places.html: -2
[2015-10-25 01:09:25] EDIT mess_menu_v1/models/db.py: 1
[2015-10-25 01:31:35] EDIT mess_menu_v1/models/db.py: 0
[2015-10-25 09:42:58] EDIT mess_menu_v1/controllers/default_admin.py: 0
[2015-10-25 09:43:07] EDIT mess_menu_v1/controllers/default_admin.py: 0
[2015-10-25 09:43:07] EDIT mess_menu_v1/controllers/default_admin.py: 0
[2015-10-25 09:43:08] EDIT mess_menu_v1/controllers/default_admin.py: 0
[2015-10-25 09:43:46] EDIT mess_menu_v1/controllers/default_admin.py: 0
[2015-10-25 09:46:00] EDIT mess_menu_v1/controllers/default_admin.py: 0
[2015-10-29 08:37:03] EDIT mess_menu_v1/controllers/default_admin.py: 0
[2015-10-29 08:40:41] EDIT mess_menu_v1/models/db.py: 1
[2015-10-30 23:27:14] CREATE default_admin/manage_student.py: 0
[2015-10-30 23:29:42] DELETE mess_menu_v1/models/default_admin/manage_student.py: 0
[2015-10-30 23:32:37] CREATE default_admin/manage_student.html: 0
[2015-10-30 23:34:55] CREATE default_admin/manage_faculty.html: 0
[2015-10-30 23:35:32] CREATE default_admin/manage_committee.html: 0
[2015-10-30 23:37:46] CREATE default_admin/manage_caterer.html: 0
